<?xml version="1.0" encoding="UTF-8"?>
<testsuite name="com.example.demo.data.VoitureTest" tests="1" skipped="0" failures="0" errors="0" timestamp="2023-03-13T17:32:58" hostname="MacBook-Pro-de-Benoit.local" time="0.002">
  <properties/>
  <testcase name="creerVoiture()" classname="com.example.demo.data.VoitureTest" time="0.002"/>
  <system-out><![CDATA[2023-03-13 18:32:58.451  INFO 24848 --- [    Test worker] .b.t.c.SpringBootTestContextBootstrapper : Neither @ContextConfiguration nor @ContextHierarchy found for test class [com.example.demo.data.VoitureTest], using SpringBootContextLoader
2023-03-13 18:32:58.452  INFO 24848 --- [    Test worker] o.s.t.c.support.AbstractContextLoader    : Could not detect default resource locations for test class [com.example.demo.data.VoitureTest]: no resource found for suffixes {-context.xml, Context.groovy}.
2023-03-13 18:32:58.452  INFO 24848 --- [    Test worker] t.c.s.AnnotationConfigContextLoaderUtils : Could not detect default configuration classes for test class [com.example.demo.data.VoitureTest]: VoitureTest does not declare any static, non-private, non-final, nested classes annotated with @Configuration.
2023-03-13 18:32:58.453  INFO 24848 --- [    Test worker] .b.t.c.SpringBootTestContextBootstrapper : Found @SpringBootConfiguration com.example.demo.DemoApplication for test class com.example.demo.data.VoitureTest
2023-03-13 18:32:58.455  INFO 24848 --- [    Test worker] .b.t.c.SpringBootTestContextBootstrapper : Loaded default TestExecutionListener class names from location [META-INF/spring.factories]: [org.springframework.boot.test.autoconfigure.restdocs.RestDocsTestExecutionListener, org.springframework.boot.test.autoconfigure.web.client.MockRestServiceServerResetTestExecutionListener, org.springframework.boot.test.autoconfigure.web.servlet.MockMvcPrintOnlyOnFailureTestExecutionListener, org.springframework.boot.test.autoconfigure.web.servlet.WebDriverTestExecutionListener, org.springframework.boot.test.autoconfigure.webservices.client.MockWebServiceServerTestExecutionListener, org.springframework.boot.test.mock.mockito.MockitoTestExecutionListener, org.springframework.boot.test.mock.mockito.ResetMocksTestExecutionListener, org.springframework.test.context.web.ServletTestExecutionListener, org.springframework.test.context.support.DirtiesContextBeforeModesTestExecutionListener, org.springframework.test.context.event.ApplicationEventsTestExecutionListener, org.springframework.test.context.support.DependencyInjectionTestExecutionListener, org.springframework.test.context.support.DirtiesContextTestExecutionListener, org.springframework.test.context.transaction.TransactionalTestExecutionListener, org.springframework.test.context.jdbc.SqlScriptsTestExecutionListener, org.springframework.test.context.event.EventPublishingTestExecutionListener]
2023-03-13 18:32:58.455  INFO 24848 --- [    Test worker] .b.t.c.SpringBootTestContextBootstrapper : Using TestExecutionListeners: [org.springframework.test.context.web.ServletTestExecutionListener@4eb48298, org.springframework.test.context.support.DirtiesContextBeforeModesTestExecutionListener@2d3bb944, org.springframework.test.context.event.ApplicationEventsTestExecutionListener@1e429f56, org.springframework.boot.test.mock.mockito.MockitoTestExecutionListener@6dbeaef8, org.springframework.boot.test.autoconfigure.SpringBootDependencyInjectionTestExecutionListener@7744195, org.springframework.test.context.support.DirtiesContextTestExecutionListener@77f529a6, org.springframework.test.context.transaction.TransactionalTestExecutionListener@7d47b021, org.springframework.test.context.jdbc.SqlScriptsTestExecutionListener@6516181f, org.springframework.test.context.event.EventPublishingTestExecutionListener@40cb95c1, org.springframework.boot.test.autoconfigure.restdocs.RestDocsTestExecutionListener@1ead3c67, org.springframework.boot.test.autoconfigure.web.client.MockRestServiceServerResetTestExecutionListener@5e2b512b, org.springframework.boot.test.autoconfigure.web.servlet.MockMvcPrintOnlyOnFailureTestExecutionListener@ba87c11, org.springframework.boot.test.autoconfigure.web.servlet.WebDriverTestExecutionListener@17d19538, org.springframework.boot.test.autoconfigure.webservices.client.MockWebServiceServerTestExecutionListener@6068cda1, org.springframework.boot.test.mock.mockito.ResetMocksTestExecutionListener@644e6a8e]
]]></system-out>
  <system-err><![CDATA[]]></system-err>
</testsuite>
